#
# There is insufficient memory for the Java Runtime Environment to continue.
# Native memory allocation (malloc) failed to allocate 714336 bytes. Error detail: Chunk::new
# Possible reasons:
#   The system is out of physical RAM or swap space
#   This process is running with CompressedOops enabled, and the Java Heap may be blocking the growth of the native heap
# Possible solutions:
#   Reduce memory load on the system
#   Increase physical memory or swap space
#   Check if swap backing store is full
#   Decrease Java heap size (-Xmx/-Xms)
#   Decrease number of Java threads
#   Decrease Java thread stack sizes (-Xss)
#   Set larger code cache with -XX:ReservedCodeCacheSize=
#   JVM is running with Unscaled Compressed Oops mode in which the Java heap is
#     placed in the first 4GB address space. The Java Heap base address is the
#     maximum limit for the native heap growth. Please use -XX:HeapBaseMinAddress
#     to set the Java Heap base and to place the Java Heap above 4GB virtual address.
# This output file may be truncated or incomplete.
#
#  Out of Memory Error (arena.cpp:191), pid=18072, tid=12980
#
# JRE version: OpenJDK Runtime Environment Temurin-17.0.13+11 (17.0.13+11) (build 17.0.13+11)
# Java VM: OpenJDK 64-Bit Server VM Temurin-17.0.13+11 (17.0.13+11, mixed mode, tiered, compressed oops, compressed class ptrs, parallel gc, windows-amd64)
# No core dump will be written. Minidumps are not enabled by default on client versions of Windows
#

---------------  S U M M A R Y ------------

Command Line: --add-modules=ALL-SYSTEM --add-opens=java.base/java.util=ALL-UNNAMED --add-opens=java.base/java.lang=ALL-UNNAMED --add-opens=java.base/sun.nio.fs=ALL-UNNAMED -Declipse.application=org.eclipse.jdt.ls.core.id1 -Dosgi.bundles.defaultStartLevel=4 -Declipse.product=org.eclipse.jdt.ls.core.product -Djava.import.generatesMetadataFilesAtProjectRoot=false -DDetectVMInstallationsJob.disabled=true -Dfile.encoding=utf8 -XX:+UseParallelGC -XX:GCTimeRatio=4 -XX:AdaptiveSizePolicyWeight=90 -Dsun.zip.disableMemoryMapping=true -Xmx1G -Xms100m -Xlog:disable -javaagent:c:\Users\LENOVO\.cursor\extensions\redhat.java-1.38.0-win32-x64\lombok\lombok-1.18.34.jar -XX:+HeapDumpOnOutOfMemoryError -XX:HeapDumpPath=c:\Users\LENOVO\AppData\Roaming\Cursor\User\workspaceStorage\d45c8337a3746b4e996b97b3ebb86212\redhat.java -Daether.dependencyCollector.impl=bf c:\Users\LENOVO\.cursor\extensions\redhat.java-1.38.0-win32-x64\server\plugins\org.eclipse.equinox.launcher_1.6.900.v20240613-2009.jar -configuration c:\Users\LENOVO\AppData\Roaming\Cursor\User\globalStorage\redhat.java\1.38.0\config_win -data c:\Users\LENOVO\AppData\Roaming\Cursor\User\workspaceStorage\d45c8337a3746b4e996b97b3ebb86212\redhat.java\jdt_ws --pipe=\\.\pipe\lsp-44349529eb05e5844f5e19e212a41d03-sock

Host: Intel(R) Core(TM) i3-10110U CPU @ 2.10GHz, 4 cores, 3G,  Windows 10 , 64 bit Build 19041 (10.0.19041.5198)
Time: Thu Feb 13 11:01:31 2025 SE Asia Standard Time elapsed time: 177.482770 seconds (0d 0h 2m 57s)

---------------  T H R E A D  ---------------

Current thread (0x0000017ab0a82e20):  JavaThread "C2 CompilerThread0" daemon [_thread_in_native, id=12980, stack(0x0000001abf900000,0x0000001abfa00000)]


Current CompileTask:
C2: 177483 11333       4       lombok.eclipse.EclipseAST::buildTree (183 bytes)

Stack: [0x0000001abf900000,0x0000001abfa00000]
Native frames: (J=compiled Java code, j=interpreted, Vv=VM code, C=native code)
V  [jvm.dll+0x682a19]
V  [jvm.dll+0x839538]
V  [jvm.dll+0x83afe3]
V  [jvm.dll+0x83b653]
V  [jvm.dll+0x24704f]
V  [jvm.dll+0xace34]
V  [jvm.dll+0xad4cc]
V  [jvm.dll+0x2ac84f]
V  [jvm.dll+0x588a79]
V  [jvm.dll+0x220ea2]
V  [jvm.dll+0x21992b]
V  [jvm.dll+0x21738b]
V  [jvm.dll+0x1a3070]
V  [jvm.dll+0x22788c]
V  [jvm.dll+0x2259eb]
V  [jvm.dll+0x7eec98]
V  [jvm.dll+0x7e8ffc]
V  [jvm.dll+0x6818f7]
C  [ucrtbase.dll+0x21bb2]
C  [KERNEL32.DLL+0x17374]
C  [ntdll.dll+0x4cc91]


---------------  P R O C E S S  ---------------

Threads class SMR info:
_java_thread_list=0x0000017ab9722c60, length=42, elements={
0x0000017a9accfbb0, 0x0000017ab0a421e0, 0x0000017ab0a43b10, 0x0000017ab0a7d010,
0x0000017ab0a7dda0, 0x0000017ab0a7e930, 0x0000017ab0a82220, 0x0000017ab0a82e20,
0x0000017ab5bf7800, 0x0000017ab5bfa4d0, 0x0000017a9ad34310, 0x0000017ab5e5d730,
0x0000017ab6309470, 0x0000017ab63ec770, 0x0000017ab63ae030, 0x0000017ab61593e0,
0x0000017ab5f754a0, 0x0000017ab5f74060, 0x0000017ab5f74f90, 0x0000017ab5f74a80,
0x0000017ab5f77300, 0x0000017ab5f75ec0, 0x0000017ab5f759b0, 0x0000017ab5f763d0,
0x0000017ab5f768e0, 0x0000017ab5f74570, 0x0000017ab5f76df0, 0x0000017ab5f77810,
0x0000017ab6931ca0, 0x0000017ab6935960, 0x0000017ab69330e0, 0x0000017ab6935e70,
0x0000017ab692fe40, 0x0000017ab6930350, 0x0000017ab69335f0, 0x0000017ab6935450,
0x0000017ab6932bd0, 0x0000017ab6936380, 0x0000017ab6934f40, 0x0000017ab6936890,
0x0000017ab69372b0, 0x0000017ab6933b00
}

Java Threads: ( => current thread )
  0x0000017a9accfbb0 JavaThread "main" [_thread_blocked, id=18932, stack(0x0000001abf000000,0x0000001abf100000)]
  0x0000017ab0a421e0 JavaThread "Reference Handler" daemon [_thread_blocked, id=2324, stack(0x0000001abf300000,0x0000001abf400000)]
  0x0000017ab0a43b10 JavaThread "Finalizer" daemon [_thread_blocked, id=14744, stack(0x0000001abf400000,0x0000001abf500000)]
  0x0000017ab0a7d010 JavaThread "Signal Dispatcher" daemon [_thread_blocked, id=7852, stack(0x0000001abf500000,0x0000001abf600000)]
  0x0000017ab0a7dda0 JavaThread "Attach Listener" daemon [_thread_blocked, id=5116, stack(0x0000001abf600000,0x0000001abf700000)]
  0x0000017ab0a7e930 JavaThread "Service Thread" daemon [_thread_blocked, id=12976, stack(0x0000001abf700000,0x0000001abf800000)]
  0x0000017ab0a82220 JavaThread "Monitor Deflation Thread" daemon [_thread_blocked, id=18284, stack(0x0000001abf800000,0x0000001abf900000)]
=>0x0000017ab0a82e20 JavaThread "C2 CompilerThread0" daemon [_thread_in_native, id=12980, stack(0x0000001abf900000,0x0000001abfa00000)]
  0x0000017ab5bf7800 JavaThread "C1 CompilerThread0" daemon [_thread_in_native, id=11684, stack(0x0000001abfa00000,0x0000001abfb00000)]
  0x0000017ab5bfa4d0 JavaThread "Sweeper thread" daemon [_thread_blocked, id=19248, stack(0x0000001abfb00000,0x0000001abfc00000)]
  0x0000017a9ad34310 JavaThread "Common-Cleaner" daemon [_thread_blocked, id=15108, stack(0x0000001abfc00000,0x0000001abfd00000)]
  0x0000017ab5e5d730 JavaThread "Notification Thread" daemon [_thread_blocked, id=18224, stack(0x0000001abfd00000,0x0000001abfe00000)]
  0x0000017ab6309470 JavaThread "Active Thread: Equinox Container: 1653a68e-f433-49c1-a41e-beec0efda7a3" [_thread_blocked, id=17504, stack(0x0000001ac0600000,0x0000001ac0700000)]
  0x0000017ab63ec770 JavaThread "Framework Event Dispatcher: Equinox Container: 1653a68e-f433-49c1-a41e-beec0efda7a3" daemon [_thread_blocked, id=18256, stack(0x0000001ac0200000,0x0000001ac0300000)]
  0x0000017ab63ae030 JavaThread "Start Level: Equinox Container: 1653a68e-f433-49c1-a41e-beec0efda7a3" daemon [_thread_blocked, id=16252, stack(0x0000001ac0300000,0x0000001ac0400000)]
  0x0000017ab61593e0 JavaThread "Refresh Thread: Equinox Container: 1653a68e-f433-49c1-a41e-beec0efda7a3" daemon [_thread_blocked, id=10924, stack(0x0000001ac0400000,0x0000001ac0500000)]
  0x0000017ab5f754a0 JavaThread "Bundle File Closer" daemon [_thread_blocked, id=12588, stack(0x0000001ac0a00000,0x0000001ac0b00000)]
  0x0000017ab5f74060 JavaThread "SCR Component Actor" daemon [_thread_blocked, id=12100, stack(0x0000001ac0500000,0x0000001ac0600000)]
  0x0000017ab5f74f90 JavaThread "Worker-JM" [_thread_blocked, id=19448, stack(0x0000001abee00000,0x0000001abef00000)]
  0x0000017ab5f74a80 JavaThread "Worker-0" [_thread_blocked, id=15692, stack(0x0000001ac0800000,0x0000001ac0900000)]
  0x0000017ab5f77300 JavaThread "Worker-1" [_thread_blocked, id=11680, stack(0x0000001ac0900000,0x0000001ac0a00000)]
  0x0000017ab5f75ec0 JavaThread "Worker-2: Building" [_thread_blocked, id=14380, stack(0x0000001ac0b00000,0x0000001ac0c00000)]
  0x0000017ab5f759b0 JavaThread "Worker-3" [_thread_blocked, id=12836, stack(0x0000001ac0c00000,0x0000001ac0d00000)]
  0x0000017ab5f763d0 JavaThread "Java indexing" daemon [_thread_in_Java, id=7592, stack(0x0000001ac0d00000,0x0000001ac0e00000)]
  0x0000017ab5f768e0 JavaThread "JNA Cleaner" daemon [_thread_blocked, id=14852, stack(0x0000001ac0700000,0x0000001ac0800000)]
  0x0000017ab5f74570 JavaThread "Worker-4" [_thread_blocked, id=5376, stack(0x0000001ac0f00000,0x0000001ac1000000)]
  0x0000017ab5f76df0 JavaThread "Thread-2" daemon [_thread_in_native, id=17848, stack(0x0000001ac1000000,0x0000001ac1100000)]
  0x0000017ab5f77810 JavaThread "Thread-3" daemon [_thread_in_native, id=13780, stack(0x0000001ac1100000,0x0000001ac1200000)]
  0x0000017ab6931ca0 JavaThread "Thread-4" daemon [_thread_in_native, id=1832, stack(0x0000001ac1200000,0x0000001ac1300000)]
  0x0000017ab6935960 JavaThread "Thread-5" daemon [_thread_in_native, id=15596, stack(0x0000001ac1300000,0x0000001ac1400000)]
  0x0000017ab69330e0 JavaThread "Thread-6" daemon [_thread_in_native, id=4492, stack(0x0000001ac1400000,0x0000001ac1500000)]
  0x0000017ab6935e70 JavaThread "pool-2-thread-1" [_thread_blocked, id=18220, stack(0x0000001ac1500000,0x0000001ac1600000)]
  0x0000017ab692fe40 JavaThread "WorkspaceEventsHandler" [_thread_blocked, id=6444, stack(0x0000001ac1600000,0x0000001ac1700000)]
  0x0000017ab6930350 JavaThread "pool-1-thread-1" [_thread_blocked, id=9868, stack(0x0000001ac1700000,0x0000001ac1800000)]
  0x0000017ab69335f0 JavaThread "Compiler Source File Reader" daemon [_thread_blocked, id=18992, stack(0x0000001ac1900000,0x0000001ac1a00000)]
  0x0000017ab6935450 JavaThread "Compiler Source File Reader" daemon [_thread_blocked, id=15916, stack(0x0000001ac1e00000,0x0000001ac1f00000)]
  0x0000017ab6932bd0 JavaThread "ForkJoinPool.commonPool-worker-1" daemon [_thread_blocked, id=10236, stack(0x0000001ac1f00000,0x0000001ac2000000)]
  0x0000017ab6936380 JavaThread "Compiler Processing Task" daemon [_thread_in_Java, id=16572, stack(0x0000001ac2000000,0x0000001ac2100000)]
  0x0000017ab6934f40 JavaThread "Compiler Class File Writer" daemon [_thread_blocked, id=16040, stack(0x0000001ac2100000,0x0000001ac2200000)]
  0x0000017ab6936890 JavaThread "Compiler Class File Writer" daemon [_thread_blocked, id=6520, stack(0x0000001ac2200000,0x0000001ac2300000)]
  0x0000017ab69372b0 JavaThread "ForkJoinPool.commonPool-worker-2" daemon [_thread_blocked, id=11112, stack(0x0000001ac1a00000,0x0000001ac1b00000)]
  0x0000017ab6933b00 JavaThread "ForkJoinPool.commonPool-worker-3" daemon [_thread_blocked, id=11224, stack(0x0000001ac1b00000,0x0000001ac1c00000)]

Other Threads:
  0x0000017a9ad8eb10 VMThread "VM Thread" [stack: 0x0000001abf200000,0x0000001abf300000] [id=6492]
  0x0000017ab5e5dc10 WatcherThread [stack: 0x0000001abfe00000,0x0000001abff00000] [id=16460]
  0x0000017a9ace5d00 GCTaskThread "GC Thread#0" [stack: 0x0000001abf100000,0x0000001abf200000] [id=7260]
  0x0000017ab630f4b0 GCTaskThread "GC Thread#1" [stack: 0x0000001abff00000,0x0000001ac0000000] [id=18712]
  0x0000017ab630f770 GCTaskThread "GC Thread#2" [stack: 0x0000001ac0000000,0x0000001ac0100000] [id=15560]
  0x0000017ab630e6e0 GCTaskThread "GC Thread#3" [stack: 0x0000001ac0100000,0x0000001ac0200000] [id=18008]

Threads with active compile tasks:
C2 CompilerThread0   177546 11333       4       lombok.eclipse.EclipseAST::buildTree (183 bytes)
C1 CompilerThread0   177546 11351       3       org.eclipse.jdt.internal.compiler.ast.ASTNode::checkInvocationArguments (882 bytes)

VM state: not at safepoint (normal execution)

VM Mutex/Monitor currently owned by a thread: None

Heap address: 0x00000000c0000000, size: 1024 MB, Compressed Oops mode: 32-bit

CDS archive(s) not mapped
Compressed class space mapped at: 0x0000000100000000-0x0000000140000000, reserved size: 1073741824
Narrow klass base: 0x0000000000000000, Narrow klass shift: 3, Narrow klass range: 0x140000000

GC Precious Log:
 CPUs: 4 total, 4 available
 Memory: 3930M
 Large Page Support: Disabled
 NUMA Support: Disabled
 Compressed Oops: Enabled (32-bit)
 Alignments: Space 512K, Generation 512K, Heap 2M
 Heap Min Capacity: 100M
 Heap Initial Capacity: 100M
 Heap Max Capacity: 1G
 Pre-touch: Disabled
 Parallel Workers: 4

Heap:
 PSYoungGen      total 51200K, used 50476K [0x00000000eab00000, 0x00000000f0c80000, 0x0000000100000000)
  eden space 43520K, 99% used [0x00000000eab00000,0x00000000ed526970,0x00000000ed580000)
  from space 7680K, 95% used [0x00000000ed600000,0x00000000edd246c8,0x00000000edd80000)
  to   space 23040K, 0% used [0x00000000ef600000,0x00000000ef600000,0x00000000f0c80000)
 ParOldGen       total 293376K, used 190230K [0x00000000c0000000, 0x00000000d1e80000, 0x00000000eab00000)
  object space 293376K, 64% used [0x00000000c0000000,0x00000000cb9c5930,0x00000000d1e80000)
 Metaspace       used 73676K, committed 74880K, reserved 1179648K
  class space    used 7769K, committed 8256K, reserved 1048576K

Card table byte_map: [0x0000017aae310000,0x0000017aae520000] _byte_map_base: 0x0000017aadd10000

Marking Bits: (ParMarkBitMap*) 0x00007ff882a36940
 Begin Bits: [0x0000017aae680000, 0x0000017aaf680000)
 End Bits:   [0x0000017aaf680000, 0x0000017ab0680000)

Polling page: 0x0000017a9ab70000

Metaspace:

Usage:
  Non-class:     64.36 MB used.
      Class:      7.59 MB used.
       Both:     71.95 MB used.

Virtual space:
  Non-class space:      128.00 MB reserved,      65.06 MB ( 51%) committed,  2 nodes.
      Class space:        1.00 GB reserved,       8.06 MB ( <1%) committed,  1 nodes.
             Both:        1.12 GB reserved,      73.12 MB (  6%) committed. 

Chunk freelists:
   Non-Class:  14.95 MB
       Class:  7.88 MB
        Both:  22.83 MB

MaxMetaspaceSize: unlimited
CompressedClassSpaceSize: 1.00 GB
Initial GC threshold: 21.00 MB
Current GC threshold: 119.38 MB
CDS: off
MetaspaceReclaimPolicy: balanced
 - commit_granule_bytes: 65536.
 - commit_granule_words: 8192.
 - virtual_space_node_default_size: 8388608.
 - enlarge_chunks_in_place: 1.
 - new_chunks_are_fully_committed: 0.
 - uncommit_free_chunks: 1.
 - use_allocation_guard: 0.
 - handle_deallocations: 1.


Internal statistics:

num_allocs_failed_limit: 9.
num_arena_births: 760.
num_arena_deaths: 18.
num_vsnodes_births: 3.
num_vsnodes_deaths: 0.
num_space_committed: 1170.
num_space_uncommitted: 0.
num_chunks_returned_to_freelist: 28.
num_chunks_taken_from_freelist: 3645.
num_chunk_merges: 11.
num_chunk_splits: 2257.
num_chunks_enlarged: 1324.
num_inconsistent_stats: 0.

CodeHeap 'non-profiled nmethods': size=120000Kb used=5367Kb max_used=5367Kb free=114632Kb
 bounds [0x0000017aa6bf0000, 0x0000017aa7130000, 0x0000017aae120000]
CodeHeap 'profiled nmethods': size=120000Kb used=19262Kb max_used=19262Kb free=100737Kb
 bounds [0x0000017a9f120000, 0x0000017aa0400000, 0x0000017aa6650000]
CodeHeap 'non-nmethods': size=5760Kb used=1400Kb max_used=1501Kb free=4359Kb
 bounds [0x0000017aa6650000, 0x0000017aa68c0000, 0x0000017aa6bf0000]
 total_blobs=9802 nmethods=9046 adapters=669
 compilation: enabled
              stopped_count=0, restarted_count=0
 full_count=0

Compilation events (20 events):
Event: 177.327 Thread 0x0000017ab5bf7800 11335       3       org.eclipse.core.internal.jobs.JobQueue::iterator (9 bytes)
Event: 177.333 Thread 0x0000017ab5bf7800 nmethod 11335 0x0000017aa03ec790 code [0x0000017aa03ec940, 0x0000017aa03ecb98]
Event: 177.333 Thread 0x0000017ab5bf7800 11336       3       org.eclipse.core.internal.jobs.JobQueue$2::<init> (18 bytes)
Event: 177.333 Thread 0x0000017ab5bf7800 nmethod 11336 0x0000017aa03ecc90 code [0x0000017aa03ece20, 0x0000017aa03ecfb8]
Event: 177.333 Thread 0x0000017ab5bf7800 11337       3       org.eclipse.core.internal.jobs.JobQueue$2::hasNext (47 bytes)
Event: 177.333 Thread 0x0000017ab5bf7800 nmethod 11337 0x0000017aa03ed090 code [0x0000017aa03ed240, 0x0000017aa03ed478]
Event: 177.364 Thread 0x0000017ab5bf7800 11338   !   3       org.eclipse.core.internal.jobs.JobManager::isBlocking (148 bytes)
Event: 177.370 Thread 0x0000017ab5bf7800 nmethod 11338 0x0000017aa03ed590 code [0x0000017aa03ed860, 0x0000017aa03eed18]
Event: 177.378 Thread 0x0000017ab5bf7800 11339       3       java.nio.HeapByteBuffer::put (16 bytes)
Event: 177.380 Thread 0x0000017ab5bf7800 nmethod 11339 0x0000017aa03ef390 code [0x0000017aa03ef560, 0x0000017aa03ef828]
Event: 177.380 Thread 0x0000017ab5bf7800 11340       3       java.nio.Buffer::nextPutIndex (30 bytes)
Event: 177.381 Thread 0x0000017ab5bf7800 nmethod 11340 0x0000017aa03efa10 code [0x0000017aa03efbc0, 0x0000017aa03efd88]
Event: 177.387 Thread 0x0000017ab5bf7800 11345       3       java.net.URI::decode (6 bytes)
Event: 177.387 Thread 0x0000017ab5bf7800 nmethod 11345 0x0000017aa03efe90 code [0x0000017aa03f0020, 0x0000017aa03f0148]
Event: 177.389 Thread 0x0000017ab5bf7800 11346       3       com.google.gson.stream.JsonWriter::beforeName (49 bytes)
Event: 177.390 Thread 0x0000017ab5bf7800 nmethod 11346 0x0000017aa03f0210 code [0x0000017aa03f0420, 0x0000017aa03f0998]
Event: 177.405 Thread 0x0000017ab5bf7800 11347       1       org.eclipse.jdt.internal.compiler.ast.ConstructorDeclaration::typeParameters (5 bytes)
Event: 177.407 Thread 0x0000017ab5bf7800 nmethod 11347 0x0000017aa712db90 code [0x0000017aa712dd20, 0x0000017aa712ddf8]
Event: 177.442 Thread 0x0000017ab5bf7800 11349       3       org.eclipse.jdt.internal.compiler.env.IModuleAwareNameEnvironment$LookupStrategy::getStringName (35 bytes)
Event: 177.442 Thread 0x0000017ab5bf7800 nmethod 11349 0x0000017aa03f0c10 code [0x0000017aa03f0de0, 0x0000017aa03f10e8]

GC Heap History (20 events):
Event: 99.314 GC heap before
{Heap before GC invocations=206 (full 9):
 PSYoungGen      total 35840K, used 33108K [0x00000000eab00000, 0x00000000ee400000, 0x0000000100000000)
  eden space 25600K, 100% used [0x00000000eab00000,0x00000000ec400000,0x00000000ec400000)
  from space 10240K, 73% used [0x00000000ec400000,0x00000000ecb55370,0x00000000ece00000)
  to   space 15360K, 0% used [0x00000000ed500000,0x00000000ed500000,0x00000000ee400000)
 ParOldGen       total 301056K, used 232590K [0x00000000c0000000, 0x00000000d2600000, 0x00000000eab00000)
  object space 301056K, 77% used [0x00000000c0000000,0x00000000ce3238a8,0x00000000d2600000)
 Metaspace       used 72174K, committed 73344K, reserved 1114112K
  class space    used 7706K, committed 8192K, reserved 1048576K
}
Event: 99.366 GC heap after
{Heap after GC invocations=206 (full 9):
 PSYoungGen      total 36352K, used 8645K [0x00000000eab00000, 0x00000000edd80000, 0x0000000100000000)
  eden space 27648K, 0% used [0x00000000eab00000,0x00000000eab00000,0x00000000ec600000)
  from space 8704K, 99% used [0x00000000ed500000,0x00000000edd71580,0x00000000edd80000)
  to   space 10752K, 0% used [0x00000000ec880000,0x00000000ec880000,0x00000000ed300000)
 ParOldGen       total 301056K, used 237311K [0x00000000c0000000, 0x00000000d2600000, 0x00000000eab00000)
  object space 301056K, 78% used [0x00000000c0000000,0x00000000ce7bfc20,0x00000000d2600000)
 Metaspace       used 72174K, committed 73344K, reserved 1114112K
  class space    used 7706K, committed 8192K, reserved 1048576K
}
Event: 99.548 GC heap before
{Heap before GC invocations=207 (full 9):
 PSYoungGen      total 36352K, used 36293K [0x00000000eab00000, 0x00000000edd80000, 0x0000000100000000)
  eden space 27648K, 100% used [0x00000000eab00000,0x00000000ec600000,0x00000000ec600000)
  from space 8704K, 99% used [0x00000000ed500000,0x00000000edd71580,0x00000000edd80000)
  to   space 10752K, 0% used [0x00000000ec880000,0x00000000ec880000,0x00000000ed300000)
 ParOldGen       total 301056K, used 237311K [0x00000000c0000000, 0x00000000d2600000, 0x00000000eab00000)
  object space 301056K, 78% used [0x00000000c0000000,0x00000000ce7bfc20,0x00000000d2600000)
 Metaspace       used 72174K, committed 73344K, reserved 1114112K
  class space    used 7706K, committed 8192K, reserved 1048576K
}
Event: 99.559 GC heap after
{Heap after GC invocations=207 (full 9):
 PSYoungGen      total 40448K, used 10730K [0x00000000eab00000, 0x00000000ee700000, 0x0000000100000000)
  eden space 29696K, 0% used [0x00000000eab00000,0x00000000eab00000,0x00000000ec800000)
  from space 10752K, 99% used [0x00000000ec880000,0x00000000ed2fab30,0x00000000ed300000)
  to   space 15872K, 0% used [0x00000000ed780000,0x00000000ed780000,0x00000000ee700000)
 ParOldGen       total 301056K, used 241146K [0x00000000c0000000, 0x00000000d2600000, 0x00000000eab00000)
  object space 301056K, 80% used [0x00000000c0000000,0x00000000ceb7e9b0,0x00000000d2600000)
 Metaspace       used 72174K, committed 73344K, reserved 1114112K
  class space    used 7706K, committed 8192K, reserved 1048576K
}
Event: 99.763 GC heap before
{Heap before GC invocations=208 (full 9):
 PSYoungGen      total 40448K, used 40426K [0x00000000eab00000, 0x00000000ee700000, 0x0000000100000000)
  eden space 29696K, 100% used [0x00000000eab00000,0x00000000ec800000,0x00000000ec800000)
  from space 10752K, 99% used [0x00000000ec880000,0x00000000ed2fab30,0x00000000ed300000)
  to   space 15872K, 0% used [0x00000000ed780000,0x00000000ed780000,0x00000000ee700000)
 ParOldGen       total 301056K, used 241146K [0x00000000c0000000, 0x00000000d2600000, 0x00000000eab00000)
  object space 301056K, 80% used [0x00000000c0000000,0x00000000ceb7e9b0,0x00000000d2600000)
 Metaspace       used 72174K, committed 73344K, reserved 1114112K
  class space    used 7706K, committed 8192K, reserved 1048576K
}
Event: 99.781 GC heap after
{Heap after GC invocations=208 (full 9):
 PSYoungGen      total 43520K, used 11591K [0x00000000eab00000, 0x00000000ee300000, 0x0000000100000000)
  eden space 31744K, 0% used [0x00000000eab00000,0x00000000eab00000,0x00000000eca00000)
  from space 11776K, 98% used [0x00000000ed780000,0x00000000ee2d1e48,0x00000000ee300000)
  to   space 12800K, 0% used [0x00000000eca00000,0x00000000eca00000,0x00000000ed680000)
 ParOldGen       total 301056K, used 247067K [0x00000000c0000000, 0x00000000d2600000, 0x00000000eab00000)
  object space 301056K, 82% used [0x00000000c0000000,0x00000000cf146d88,0x00000000d2600000)
 Metaspace       used 72174K, committed 73344K, reserved 1114112K
  class space    used 7706K, committed 8192K, reserved 1048576K
}
Event: 99.957 GC heap before
{Heap before GC invocations=209 (full 9):
 PSYoungGen      total 43520K, used 43335K [0x00000000eab00000, 0x00000000ee300000, 0x0000000100000000)
  eden space 31744K, 100% used [0x00000000eab00000,0x00000000eca00000,0x00000000eca00000)
  from space 11776K, 98% used [0x00000000ed780000,0x00000000ee2d1e48,0x00000000ee300000)
  to   space 12800K, 0% used [0x00000000eca00000,0x00000000eca00000,0x00000000ed680000)
 ParOldGen       total 301056K, used 247067K [0x00000000c0000000, 0x00000000d2600000, 0x00000000eab00000)
  object space 301056K, 82% used [0x00000000c0000000,0x00000000cf146d88,0x00000000d2600000)
 Metaspace       used 72175K, committed 73344K, reserved 1114112K
  class space    used 7706K, committed 8192K, reserved 1048576K
}
Event: 99.972 GC heap after
{Heap after GC invocations=209 (full 9):
 PSYoungGen      total 44544K, used 12789K [0x00000000eab00000, 0x00000000ef480000, 0x0000000100000000)
  eden space 31744K, 0% used [0x00000000eab00000,0x00000000eab00000,0x00000000eca00000)
  from space 12800K, 99% used [0x00000000eca00000,0x00000000ed67d728,0x00000000ed680000)
  to   space 20480K, 0% used [0x00000000ee080000,0x00000000ee080000,0x00000000ef480000)
 ParOldGen       total 301056K, used 253289K [0x00000000c0000000, 0x00000000d2600000, 0x00000000eab00000)
  object space 301056K, 84% used [0x00000000c0000000,0x00000000cf75a4f8,0x00000000d2600000)
 Metaspace       used 72175K, committed 73344K, reserved 1114112K
  class space    used 7706K, committed 8192K, reserved 1048576K
}
Event: 100.075 GC heap before
{Heap before GC invocations=210 (full 9):
 PSYoungGen      total 44544K, used 44533K [0x00000000eab00000, 0x00000000ef480000, 0x0000000100000000)
  eden space 31744K, 100% used [0x00000000eab00000,0x00000000eca00000,0x00000000eca00000)
  from space 12800K, 99% used [0x00000000eca00000,0x00000000ed67d728,0x00000000ed680000)
  to   space 20480K, 0% used [0x00000000ee080000,0x00000000ee080000,0x00000000ef480000)
 ParOldGen       total 301056K, used 253289K [0x00000000c0000000, 0x00000000d2600000, 0x00000000eab00000)
  object space 301056K, 84% used [0x00000000c0000000,0x00000000cf75a4f8,0x00000000d2600000)
 Metaspace       used 72175K, committed 73344K, reserved 1114112K
  class space    used 7706K, committed 8192K, reserved 1048576K
}
Event: 100.094 GC heap after
{Heap after GC invocations=210 (full 9):
 PSYoungGen      total 50688K, used 15508K [0x00000000eab00000, 0x00000000ef000000, 0x0000000100000000)
  eden space 34816K, 0% used [0x00000000eab00000,0x00000000eab00000,0x00000000ecd00000)
  from space 15872K, 97% used [0x00000000ee080000,0x00000000eefa53f0,0x00000000ef000000)
  to   space 16896K, 0% used [0x00000000ecf00000,0x00000000ecf00000,0x00000000edf80000)
 ParOldGen       total 301056K, used 261016K [0x00000000c0000000, 0x00000000d2600000, 0x00000000eab00000)
  object space 301056K, 86% used [0x00000000c0000000,0x00000000cfee60e8,0x00000000d2600000)
 Metaspace       used 72175K, committed 73344K, reserved 1114112K
  class space    used 7706K, committed 8192K, reserved 1048576K
}
Event: 100.285 GC heap before
{Heap before GC invocations=211 (full 9):
 PSYoungGen      total 50688K, used 50324K [0x00000000eab00000, 0x00000000ef000000, 0x0000000100000000)
  eden space 34816K, 100% used [0x00000000eab00000,0x00000000ecd00000,0x00000000ecd00000)
  from space 15872K, 97% used [0x00000000ee080000,0x00000000eefa53f0,0x00000000ef000000)
  to   space 16896K, 0% used [0x00000000ecf00000,0x00000000ecf00000,0x00000000edf80000)
 ParOldGen       total 301056K, used 261016K [0x00000000c0000000, 0x00000000d2600000, 0x00000000eab00000)
  object space 301056K, 86% used [0x00000000c0000000,0x00000000cfee60e8,0x00000000d2600000)
 Metaspace       used 72175K, committed 73344K, reserved 1114112K
  class space    used 7706K, committed 8192K, reserved 1048576K
}
Event: 100.387 GC heap after
{Heap after GC invocations=211 (full 9):
 PSYoungGen      total 53760K, used 16875K [0x00000000eab00000, 0x00000000f0d00000, 0x0000000100000000)
  eden space 36864K, 0% used [0x00000000eab00000,0x00000000eab00000,0x00000000ecf00000)
  from space 16896K, 99% used [0x00000000ecf00000,0x00000000edf7aef8,0x00000000edf80000)
  to   space 30720K, 0% used [0x00000000eef00000,0x00000000eef00000,0x00000000f0d00000)
 ParOldGen       total 301056K, used 272352K [0x00000000c0000000, 0x00000000d2600000, 0x00000000eab00000)
  object space 301056K, 90% used [0x00000000c0000000,0x00000000d09f82f0,0x00000000d2600000)
 Metaspace       used 72175K, committed 73344K, reserved 1114112K
  class space    used 7706K, committed 8192K, reserved 1048576K
}
Event: 101.292 GC heap before
{Heap before GC invocations=212 (full 9):
 PSYoungGen      total 53760K, used 53739K [0x00000000eab00000, 0x00000000f0d00000, 0x0000000100000000)
  eden space 36864K, 100% used [0x00000000eab00000,0x00000000ecf00000,0x00000000ecf00000)
  from space 16896K, 99% used [0x00000000ecf00000,0x00000000edf7aef8,0x00000000edf80000)
  to   space 30720K, 0% used [0x00000000eef00000,0x00000000eef00000,0x00000000f0d00000)
 ParOldGen       total 301056K, used 272352K [0x00000000c0000000, 0x00000000d2600000, 0x00000000eab00000)
  object space 301056K, 90% used [0x00000000c0000000,0x00000000d09f82f0,0x00000000d2600000)
 Metaspace       used 72191K, committed 73408K, reserved 1114112K
  class space    used 7707K, committed 8192K, reserved 1048576K
}
Event: 101.318 GC heap after
{Heap after GC invocations=212 (full 9):
 PSYoungGen      total 63488K, used 22904K [0x00000000eab00000, 0x00000000f0580000, 0x0000000100000000)
  eden space 40448K, 0% used [0x00000000eab00000,0x00000000eab00000,0x00000000ed280000)
  from space 23040K, 99% used [0x00000000eef00000,0x00000000f055e0b0,0x00000000f0580000)
  to   space 25088K, 0% used [0x00000000ed480000,0x00000000ed480000,0x00000000eed00000)
 ParOldGen       total 301056K, used 281492K [0x00000000c0000000, 0x00000000d2600000, 0x00000000eab00000)
  object space 301056K, 93% used [0x00000000c0000000,0x00000000d12e5330,0x00000000d2600000)
 Metaspace       used 72191K, committed 73408K, reserved 1114112K
  class space    used 7707K, committed 8192K, reserved 1048576K
}
Event: 102.486 GC heap before
{Heap before GC invocations=213 (full 9):
 PSYoungGen      total 63488K, used 63352K [0x00000000eab00000, 0x00000000f0580000, 0x0000000100000000)
  eden space 40448K, 100% used [0x00000000eab00000,0x00000000ed280000,0x00000000ed280000)
  from space 23040K, 99% used [0x00000000eef00000,0x00000000f055e0b0,0x00000000f0580000)
  to   space 25088K, 0% used [0x00000000ed480000,0x00000000ed480000,0x00000000eed00000)
 ParOldGen       total 301056K, used 281492K [0x00000000c0000000, 0x00000000d2600000, 0x00000000eab00000)
  object space 301056K, 93% used [0x00000000c0000000,0x00000000d12e5330,0x00000000d2600000)
 Metaspace       used 72191K, committed 73408K, reserved 1114112K
  class space    used 7707K, committed 8192K, reserved 1048576K
}
Event: 102.548 GC heap after
{Heap after GC invocations=213 (full 9):
 PSYoungGen      total 67584K, used 25064K [0x00000000eab00000, 0x00000000f4200000, 0x0000000100000000)
  eden space 42496K, 0% used [0x00000000eab00000,0x00000000eab00000,0x00000000ed480000)
  from space 25088K, 99% used [0x00000000ed480000,0x00000000eecfa120,0x00000000eed00000)
  to   space 55296K, 0% used [0x00000000f0c00000,0x00000000f0c00000,0x00000000f4200000)
 ParOldGen       total 306688K, used 306638K [0x00000000c0000000, 0x00000000d2b80000, 0x00000000eab00000)
  object space 306688K, 99% used [0x00000000c0000000,0x00000000d2b73a60,0x00000000d2b80000)
 Metaspace       used 72191K, committed 73408K, reserved 1114112K
  class space    used 7707K, committed 8192K, reserved 1048576K
}
Event: 104.566 GC heap before
{Heap before GC invocations=214 (full 10):
 PSYoungGen      total 67584K, used 67560K [0x00000000eab00000, 0x00000000f4200000, 0x0000000100000000)
  eden space 42496K, 100% used [0x00000000eab00000,0x00000000ed480000,0x00000000ed480000)
  from space 25088K, 99% used [0x00000000ed480000,0x00000000eecfa120,0x00000000eed00000)
  to   space 55296K, 0% used [0x00000000f0c00000,0x00000000f0c00000,0x00000000f4200000)
 ParOldGen       total 306688K, used 306638K [0x00000000c0000000, 0x00000000d2b80000, 0x00000000eab00000)
  object space 306688K, 99% used [0x00000000c0000000,0x00000000d2b73a60,0x00000000d2b80000)
 Metaspace       used 72276K, committed 73472K, reserved 1114112K
  class space    used 7712K, committed 8192K, reserved 1048576K
}
Event: 104.782 GC heap after
{Heap after GC invocations=214 (full 10):
 PSYoungGen      total 99328K, used 0K [0x00000000eab00000, 0x00000000f4500000, 0x0000000100000000)
  eden space 44032K, 0% used [0x00000000eab00000,0x00000000eab00000,0x00000000ed600000)
  from space 55296K, 0% used [0x00000000f0c00000,0x00000000f0c00000,0x00000000f4200000)
  to   space 55296K, 0% used [0x00000000ed600000,0x00000000ed600000,0x00000000f0c00000)
 ParOldGen       total 293376K, used 190222K [0x00000000c0000000, 0x00000000d1e80000, 0x00000000eab00000)
  object space 293376K, 64% used [0x00000000c0000000,0x00000000cb9c3930,0x00000000d1e80000)
 Metaspace       used 72276K, committed 73472K, reserved 1114112K
  class space    used 7712K, committed 8192K, reserved 1048576K
}
Event: 121.887 GC heap before
{Heap before GC invocations=215 (full 10):
 PSYoungGen      total 99328K, used 44032K [0x00000000eab00000, 0x00000000f4500000, 0x0000000100000000)
  eden space 44032K, 100% used [0x00000000eab00000,0x00000000ed600000,0x00000000ed600000)
  from space 55296K, 0% used [0x00000000f0c00000,0x00000000f0c00000,0x00000000f4200000)
  to   space 55296K, 0% used [0x00000000ed600000,0x00000000ed600000,0x00000000f0c00000)
 ParOldGen       total 293376K, used 190222K [0x00000000c0000000, 0x00000000d1e80000, 0x00000000eab00000)
  object space 293376K, 64% used [0x00000000c0000000,0x00000000cb9c3930,0x00000000d1e80000)
 Metaspace       used 73108K, committed 74240K, reserved 1179648K
  class space    used 7765K, committed 8256K, reserved 1048576K
}
Event: 122.060 GC heap after
{Heap after GC invocations=215 (full 10):
 PSYoungGen      total 51200K, used 7313K [0x00000000eab00000, 0x00000000f0c80000, 0x0000000100000000)
  eden space 43520K, 0% used [0x00000000eab00000,0x00000000eab00000,0x00000000ed580000)
  from space 7680K, 95% used [0x00000000ed600000,0x00000000edd246c8,0x00000000edd80000)
  to   space 23040K, 0% used [0x00000000ef600000,0x00000000ef600000,0x00000000f0c80000)
 ParOldGen       total 293376K, used 190230K [0x00000000c0000000, 0x00000000d1e80000, 0x00000000eab00000)
  object space 293376K, 64% used [0x00000000c0000000,0x00000000cb9c5930,0x00000000d1e80000)
 Metaspace       used 73108K, committed 74240K, reserved 1179648K
  class space    used 7765K, committed 8256K, reserved 1048576K
}

Dll operation events (14 events):
Event: 0.014 Loaded shared library c:\Users\LENOVO\.cursor\extensions\redhat.java-1.38.0-win32-x64\jre\17.0.13-win32-x86_64\bin\java.dll
Event: 1.453 Loaded shared library c:\Users\LENOVO\.cursor\extensions\redhat.java-1.38.0-win32-x64\jre\17.0.13-win32-x86_64\bin\zip.dll
Event: 1.465 Loaded shared library C:\Users\LENOVO\.cursor\extensions\redhat.java-1.38.0-win32-x64\jre\17.0.13-win32-x86_64\bin\instrument.dll
Event: 1.639 Loaded shared library C:\Users\LENOVO\.cursor\extensions\redhat.java-1.38.0-win32-x64\jre\17.0.13-win32-x86_64\bin\net.dll
Event: 1.647 Loaded shared library C:\Users\LENOVO\.cursor\extensions\redhat.java-1.38.0-win32-x64\jre\17.0.13-win32-x86_64\bin\nio.dll
Event: 1.681 Loaded shared library C:\Users\LENOVO\.cursor\extensions\redhat.java-1.38.0-win32-x64\jre\17.0.13-win32-x86_64\bin\zip.dll
Event: 1.862 Loaded shared library C:\Users\LENOVO\.cursor\extensions\redhat.java-1.38.0-win32-x64\jre\17.0.13-win32-x86_64\bin\jimage.dll
Event: 2.170 Loaded shared library c:\Users\LENOVO\.cursor\extensions\redhat.java-1.38.0-win32-x64\jre\17.0.13-win32-x86_64\bin\verify.dll
Event: 38.005 Loaded shared library C:\Users\LENOVO\AppData\Roaming\Cursor\User\globalStorage\redhat.java\1.38.0\config_win\org.eclipse.equinox.launcher\org.eclipse.equinox.launcher.win32.win32.x86_64_1.2.1100.v20240722-2106\eclipse_11904.dll
Event: 60.385 Loaded shared library C:\Users\LENOVO\.cursor\extensions\redhat.java-1.38.0-win32-x64\jre\17.0.13-win32-x86_64\bin\management.dll
Event: 60.392 Loaded shared library C:\Users\LENOVO\.cursor\extensions\redhat.java-1.38.0-win32-x64\jre\17.0.13-win32-x86_64\bin\management_ext.dll
Event: 69.244 Loaded shared library C:\Users\LENOVO\AppData\Local\Temp\jna--2053026509\jna17871409380729304044.dll
Event: 71.793 Loaded shared library C:\Users\LENOVO\.cursor\extensions\redhat.java-1.38.0-win32-x64\jre\17.0.13-win32-x86_64\bin\sunmscapi.dll
Event: 71.935 Loaded shared library C:\Users\LENOVO\.cursor\extensions\redhat.java-1.38.0-win32-x64\jre\17.0.13-win32-x86_64\bin\extnet.dll

Deoptimization events (20 events):
Event: 125.914 Thread 0x0000017ab6936380 DEOPT PACKING pc=0x0000017aa7082bf8 sp=0x0000001ac20fe300
Event: 125.914 Thread 0x0000017ab6936380 DEOPT UNPACKING pc=0x0000017aa66a66a3 sp=0x0000001ac20fe270 mode 2
Event: 127.073 Thread 0x0000017ab5f75ec0 DEOPT PACKING pc=0x0000017a9f2e5f9a sp=0x0000001ac0bfe7f0
Event: 127.073 Thread 0x0000017ab5f75ec0 DEOPT UNPACKING pc=0x0000017aa66a6e43 sp=0x0000001ac0bfdca8 mode 0
Event: 127.364 Thread 0x0000017ab5f763d0 DEOPT PACKING pc=0x0000017aa00b6329 sp=0x0000001ac0dfe9e0
Event: 127.393 Thread 0x0000017ab5f763d0 DEOPT UNPACKING pc=0x0000017aa66a6e43 sp=0x0000001ac0dfdeb8 mode 0
Event: 127.394 Thread 0x0000017ab5f75ec0 Uncommon trap: trap_request=0xffffff45 fr.pc=0x0000017aa6f49d48 relative=0x00000000000009c8
Event: 127.394 Thread 0x0000017ab5f75ec0 Uncommon trap: reason=unstable_if action=reinterpret pc=0x0000017aa6f49d48 method=org.eclipse.jdt.internal.compiler.classfmt.AnnotationInfo.getElementValuePairs()[Lorg/eclipse/jdt/internal/compiler/env/IBinaryElementValuePair; @ 4 c2
Event: 127.394 Thread 0x0000017ab5f75ec0 DEOPT PACKING pc=0x0000017aa6f49d48 sp=0x0000001ac0bfda20
Event: 127.394 Thread 0x0000017ab5f75ec0 DEOPT UNPACKING pc=0x0000017aa66a66a3 sp=0x0000001ac0bfd910 mode 2
Event: 127.445 Thread 0x0000017ab5f763d0 Uncommon trap: trap_request=0xffffff45 fr.pc=0x0000017aa6e9b688 relative=0x0000000000000c08
Event: 127.445 Thread 0x0000017ab5f763d0 Uncommon trap: reason=unstable_if action=reinterpret pc=0x0000017aa6e9b688 method=org.eclipse.jdt.internal.core.index.DiskIndex.mergeCategory([CLorg/eclipse/jdt/internal/core/index/DiskIndex;[ILjava/io/FileOutputStream;)V @ 120 c2
Event: 127.445 Thread 0x0000017ab5f763d0 DEOPT PACKING pc=0x0000017aa6e9b688 sp=0x0000001ac0dfea10
Event: 127.445 Thread 0x0000017ab5f763d0 DEOPT UNPACKING pc=0x0000017aa66a66a3 sp=0x0000001ac0dfe9c8 mode 2
Event: 130.677 Thread 0x0000017ab5f763d0 DEOPT PACKING pc=0x0000017aa00b63a0 sp=0x0000001ac0dfe9e0
Event: 130.677 Thread 0x0000017ab5f763d0 DEOPT UNPACKING pc=0x0000017aa66a6e43 sp=0x0000001ac0dfdeb8 mode 0
Event: 131.730 Thread 0x0000017ab5f74a80 DEOPT PACKING pc=0x0000017a9f2e5f9a sp=0x0000001ac08fe920
Event: 131.730 Thread 0x0000017ab5f74a80 DEOPT UNPACKING pc=0x0000017aa66a6e43 sp=0x0000001ac08fddd8 mode 0
Event: 133.741 Thread 0x0000017ab6933b00 DEOPT PACKING pc=0x0000017a9f638387 sp=0x0000001ac1bfe340
Event: 133.741 Thread 0x0000017ab6933b00 DEOPT UNPACKING pc=0x0000017aa66a6e43 sp=0x0000001ac1bfd7d8 mode 0

Classes loaded (20 events):
Event: 85.179 Loading class java/util/concurrent/CompletableFuture$UniAccept
Event: 85.179 Loading class java/util/concurrent/CompletableFuture$UniAccept done
Event: 85.179 Loading class java/util/concurrent/CompletableFuture$UniExceptionally
Event: 85.181 Loading class java/util/concurrent/CompletableFuture$UniExceptionally done
Event: 85.256 Loading class java/nio/file/Files$2
Event: 85.256 Loading class java/nio/file/Files$2 done
Event: 85.268 Loading class java/util/concurrent/ArrayBlockingQueue
Event: 85.269 Loading class java/util/concurrent/ArrayBlockingQueue done
Event: 85.581 Loading class java/util/concurrent/ConcurrentHashMap$KeySpliterator
Event: 85.581 Loading class java/util/concurrent/ConcurrentHashMap$KeySpliterator done
Event: 86.926 Loading class java/util/LinkedList$LLSpliterator
Event: 86.942 Loading class java/util/LinkedList$LLSpliterator done
Event: 86.981 Loading class javax/xml/transform/TransformerConfigurationException
Event: 86.982 Loading class javax/xml/transform/TransformerConfigurationException done
Event: 116.814 Loading class java/util/stream/DistinctOps
Event: 116.826 Loading class java/util/stream/DistinctOps done
Event: 116.827 Loading class java/util/stream/DistinctOps$1
Event: 116.835 Loading class java/util/stream/DistinctOps$1 done
Event: 116.850 Loading class java/util/stream/DistinctOps$1$2
Event: 116.860 Loading class java/util/stream/DistinctOps$1$2 done

Classes unloaded (9 events):
Event: 65.869 Thread 0x0000017a9ad8eb10 Unloading class 0x0000000100360800 'java/lang/invoke/LambdaForm$MH+0x0000000100360800'
Event: 65.870 Thread 0x0000017a9ad8eb10 Unloading class 0x0000000100353000 'java/lang/invoke/LambdaForm$MH+0x0000000100353000'
Event: 65.870 Thread 0x0000017a9ad8eb10 Unloading class 0x0000000100260000 'java/lang/invoke/LambdaForm$MH+0x0000000100260000'
Event: 65.870 Thread 0x0000017a9ad8eb10 Unloading class 0x000000010025fc00 'java/lang/invoke/LambdaForm$MH+0x000000010025fc00'
Event: 65.870 Thread 0x0000017a9ad8eb10 Unloading class 0x000000010025f800 'java/lang/invoke/LambdaForm$MH+0x000000010025f800'
Event: 65.870 Thread 0x0000017a9ad8eb10 Unloading class 0x000000010025f400 'java/lang/invoke/LambdaForm$MH+0x000000010025f400'
Event: 65.870 Thread 0x0000017a9ad8eb10 Unloading class 0x000000010025f000 'java/lang/invoke/LambdaForm$BMH+0x000000010025f000'
Event: 65.870 Thread 0x0000017a9ad8eb10 Unloading class 0x000000010025ec00 'java/lang/invoke/LambdaForm$DMH+0x000000010025ec00'
Event: 65.870 Thread 0x0000017a9ad8eb10 Unloading class 0x000000010025c400 'java/lang/invoke/LambdaForm$DMH+0x000000010025c400'

Classes redefined (0 events):
No events

Internal exceptions (20 events):
Event: 86.261 Thread 0x0000017ab5f759b0 Exception <a 'sun/nio/fs/WindowsException'{0x00000000ead8fa60}> (0x00000000ead8fa60) 
thrown [s\src\hotspot\share\prims\jni.cpp, line 516]
Event: 86.746 Thread 0x0000017ab69372b0 Exception <a 'sun/nio/fs/WindowsException'{0x00000000eb1589b8}> (0x00000000eb1589b8) 
thrown [s\src\hotspot\share\prims\jni.cpp, line 516]
Event: 86.746 Thread 0x0000017ab69372b0 Exception <a 'sun/nio/fs/WindowsException'{0x00000000eb1592b8}> (0x00000000eb1592b8) 
thrown [s\src\hotspot\share\prims\jni.cpp, line 516]
Event: 86.747 Thread 0x0000017ab69372b0 Exception <a 'sun/nio/fs/WindowsException'{0x00000000eb15a1e8}> (0x00000000eb15a1e8) 
thrown [s\src\hotspot\share\prims\jni.cpp, line 516]
Event: 86.747 Thread 0x0000017ab69372b0 Exception <a 'sun/nio/fs/WindowsException'{0x00000000eb15aac8}> (0x00000000eb15aac8) 
thrown [s\src\hotspot\share\prims\jni.cpp, line 516]
Event: 86.748 Thread 0x0000017ab69372b0 Exception <a 'sun/nio/fs/WindowsException'{0x00000000eb15c360}> (0x00000000eb15c360) 
thrown [s\src\hotspot\share\prims\jni.cpp, line 516]
Event: 86.749 Thread 0x0000017ab69372b0 Exception <a 'sun/nio/fs/WindowsException'{0x00000000eb15cc40}> (0x00000000eb15cc40) 
thrown [s\src\hotspot\share\prims\jni.cpp, line 516]
Event: 95.923 Thread 0x0000017ab69372b0 Exception <a 'java/lang/ArrayIndexOutOfBoundsException'{0x00000000eafb9730}> (0x00000000eafb9730) 
thrown [s\src\hotspot\share\runtime\sharedRuntime.cpp, line 631]
Event: 104.335 Thread 0x0000017ab5f763d0 Exception <a 'sun/nio/fs/WindowsException'{0x00000000ebfda5a8}> (0x00000000ebfda5a8) 
thrown [s\src\hotspot\share\prims\jni.cpp, line 516]
Event: 105.006 Thread 0x0000017ab5f763d0 Implicit null exception at 0x0000017aa6dc47b3 to 0x0000017aa6dc766c
Event: 105.034 Thread 0x0000017ab5f763d0 Exception <a 'sun/nio/fs/WindowsException'{0x00000000eb1f88d0}> (0x00000000eb1f88d0) 
thrown [s\src\hotspot\share\prims\jni.cpp, line 516]
Event: 105.081 Thread 0x0000017ab5f763d0 Exception <a 'sun/nio/fs/WindowsException'{0x00000000eb224fe8}> (0x00000000eb224fe8) 
thrown [s\src\hotspot\share\prims\jni.cpp, line 516]
Event: 105.178 Thread 0x0000017ab6932bd0 Implicit null exception at 0x0000017aa70d6520 to 0x0000017aa70d70a4
Event: 118.466 Thread 0x0000017ab5f763d0 Exception <a 'sun/nio/fs/WindowsException'{0x00000000ebab2f88}> (0x00000000ebab2f88) 
thrown [s\src\hotspot\share\prims\jni.cpp, line 516]
Event: 118.866 Thread 0x0000017ab6932bd0 Exception <a 'java/lang/ArrayIndexOutOfBoundsException'{0x00000000ebcd4c10}: Index 2571 out of bounds for length 2570> (0x00000000ebcd4c10) 
thrown [s\src\hotspot\share\interpreter\interpreterRuntime.cpp, line 428]
Event: 121.554 Thread 0x0000017ab5f763d0 Exception <a 'sun/nio/fs/WindowsException'{0x00000000ebad7220}> (0x00000000ebad7220) 
thrown [s\src\hotspot\share\prims\jni.cpp, line 516]
Event: 122.108 Thread 0x0000017ab5f763d0 Exception <a 'sun/nio/fs/WindowsException'{0x00000000eab8ad38}> (0x00000000eab8ad38) 
thrown [s\src\hotspot\share\prims\jni.cpp, line 516]
Event: 125.828 Thread 0x0000017ab5f763d0 Exception <a 'sun/nio/fs/WindowsException'{0x00000000eabad9a0}> (0x00000000eabad9a0) 
thrown [s\src\hotspot\share\prims\jni.cpp, line 516]
Event: 130.795 Thread 0x0000017ab5f763d0 Exception <a 'sun/nio/fs/WindowsException'{0x00000000ec6c47a0}> (0x00000000ec6c47a0) 
thrown [s\src\hotspot\share\prims\jni.cpp, line 516]
Event: 177.313 Thread 0x0000017ab5f763d0 Exception <a 'sun/nio/fs/WindowsException'{0x00000000ec6f8688}> (0x00000000ec6f8688) 
thrown [s\src\hotspot\share\prims\jni.cpp, line 516]

VM Operations (20 events):
Event: 121.886 Executing VM operation: ParallelGCFailedAllocation
Event: 122.060 Executing VM operation: ParallelGCFailedAllocation done
Event: 123.060 Executing VM operation: Cleanup
Event: 123.060 Executing VM operation: Cleanup done
Event: 126.067 Executing VM operation: Cleanup
Event: 126.098 Executing VM operation: Cleanup done
Event: 127.098 Executing VM operation: Cleanup
Event: 127.334 Executing VM operation: Cleanup done
Event: 128.349 Executing VM operation: Cleanup
Event: 130.279 Executing VM operation: Cleanup done
Event: 131.289 Executing VM operation: Cleanup
Event: 131.289 Executing VM operation: Cleanup done
Event: 132.294 Executing VM operation: Cleanup
Event: 132.294 Executing VM operation: Cleanup done
Event: 134.305 Executing VM operation: Cleanup
Event: 134.305 Executing VM operation: Cleanup done
Event: 145.373 Executing VM operation: Cleanup
Event: 145.373 Executing VM operation: Cleanup done
Event: 176.605 Executing VM operation: Cleanup
Event: 176.605 Executing VM operation: Cleanup done

Memory protections (0 events):
No events

Nmethod flushes (20 events):
Event: 118.520 Thread 0x0000017ab5bfa4d0 flushing  nmethod 0x0000017aa024f110
Event: 118.520 Thread 0x0000017ab5bfa4d0 flushing  nmethod 0x0000017aa025cf10
Event: 118.520 Thread 0x0000017ab5bfa4d0 flushing  nmethod 0x0000017aa026b090
Event: 118.521 Thread 0x0000017ab5bfa4d0 flushing  nmethod 0x0000017aa0277690
Event: 118.521 Thread 0x0000017ab5bfa4d0 flushing  nmethod 0x0000017aa029df10
Event: 118.521 Thread 0x0000017ab5bfa4d0 flushing  nmethod 0x0000017aa02aba10
Event: 118.521 Thread 0x0000017ab5bfa4d0 flushing  nmethod 0x0000017aa02ace90
Event: 118.521 Thread 0x0000017ab5bfa4d0 flushing  nmethod 0x0000017aa02ad910
Event: 118.521 Thread 0x0000017ab5bfa4d0 flushing osr nmethod 0x0000017aa02af510
Event: 118.521 Thread 0x0000017ab5bfa4d0 flushing  nmethod 0x0000017aa02b1410
Event: 118.521 Thread 0x0000017ab5bfa4d0 flushing  nmethod 0x0000017aa02b1e10
Event: 118.521 Thread 0x0000017ab5bfa4d0 flushing  nmethod 0x0000017aa02b8210
Event: 118.521 Thread 0x0000017ab5bfa4d0 flushing  nmethod 0x0000017aa02b9e10
Event: 118.521 Thread 0x0000017ab5bfa4d0 flushing  nmethod 0x0000017aa02c0490
Event: 118.521 Thread 0x0000017ab5bfa4d0 flushing  nmethod 0x0000017aa02c1510
Event: 118.521 Thread 0x0000017ab5bfa4d0 flushing  nmethod 0x0000017aa02c2290
Event: 118.521 Thread 0x0000017ab5bfa4d0 flushing  nmethod 0x0000017aa02c3790
Event: 118.521 Thread 0x0000017ab5bfa4d0 flushing  nmethod 0x0000017aa02c9810
Event: 118.521 Thread 0x0000017ab5bfa4d0 flushing  nmethod 0x0000017aa02cf710
Event: 118.521 Thread 0x0000017ab5bfa4d0 flushing  nmethod 0x0000017aa02e9e10

Events (20 events):
Event: 72.608 Thread 0x0000017ab5f759b0 Thread added: 0x0000017ab6936380
Event: 75.536 Thread 0x0000017ab63ae030 Thread added: 0x0000017ab6930860
Event: 75.536 Thread 0x0000017ab6930350 Thread added: 0x0000017ab6936da0
Event: 75.542 Thread 0x0000017ab6930860 Thread added: 0x0000017ab69321b0
Event: 75.542 Thread 0x0000017ab6930860 Thread added: 0x0000017ab6934a30
Event: 77.626 Thread 0x0000017ab6936380 Thread exited: 0x0000017ab6936380
Event: 81.450 Thread 0x0000017ab5f74570 Thread added: 0x0000017ab6936890
Event: 81.553 Thread 0x0000017ab6936890 Thread exited: 0x0000017ab6936890
Event: 85.165 Thread 0x0000017ab5f74a80 Thread added: 0x0000017ab69335f0
Event: 85.166 Thread 0x0000017ab5f74a80 Thread added: 0x0000017ab6935450
Event: 85.179 Thread 0x0000017ab6930350 Thread added: 0x0000017ab6932bd0
Event: 85.272 Thread 0x0000017ab5f74a80 Thread added: 0x0000017ab6936380
Event: 85.584 Thread 0x0000017ab5f74a80 Thread added: 0x0000017ab6934f40
Event: 85.806 Thread 0x0000017ab5f74a80 Thread added: 0x0000017ab6936890
Event: 86.036 Thread 0x0000017ab69321b0 Thread exited: 0x0000017ab69321b0
Event: 86.036 Thread 0x0000017ab6936da0 Thread exited: 0x0000017ab6936da0
Event: 86.036 Thread 0x0000017ab6934a30 Thread exited: 0x0000017ab6934a30
Event: 86.041 Thread 0x0000017ab6930860 Thread exited: 0x0000017ab6930860
Event: 86.539 Thread 0x0000017ab6930350 Thread added: 0x0000017ab69372b0
Event: 86.599 Thread 0x0000017ab6930350 Thread added: 0x0000017ab6933b00


Dynamic libraries:
0x00007ff784990000 - 0x00007ff78499e000 	c:\Users\LENOVO\.cursor\extensions\redhat.java-1.38.0-win32-x64\jre\17.0.13-win32-x86_64\bin\java.exe
0x00007ff8dea30000 - 0x00007ff8dec28000 	C:\WINDOWS\SYSTEM32\ntdll.dll
0x00007ff8ddfb0000 - 0x00007ff8de072000 	C:\WINDOWS\System32\KERNEL32.DLL
0x00007ff8dc160000 - 0x00007ff8dc45f000 	C:\WINDOWS\System32\KERNELBASE.dll
0x00007ff8dc460000 - 0x00007ff8dc560000 	C:\WINDOWS\System32\ucrtbase.dll
0x00007ff8d2780000 - 0x00007ff8d2797000 	c:\Users\LENOVO\.cursor\extensions\redhat.java-1.38.0-win32-x64\jre\17.0.13-win32-x86_64\bin\jli.dll
0x00007ff8de790000 - 0x00007ff8de92d000 	C:\WINDOWS\System32\USER32.dll
0x00007ff8dca10000 - 0x00007ff8dca32000 	C:\WINDOWS\System32\win32u.dll
0x00007ff8dd5e0000 - 0x00007ff8dd60b000 	C:\WINDOWS\System32\GDI32.dll
0x00007ff8dc810000 - 0x00007ff8dc927000 	C:\WINDOWS\System32\gdi32full.dll
0x00007ff8dc0c0000 - 0x00007ff8dc15d000 	C:\WINDOWS\System32\msvcp_win.dll
0x00007ff8c3070000 - 0x00007ff8c308e000 	c:\Users\LENOVO\.cursor\extensions\redhat.java-1.38.0-win32-x64\jre\17.0.13-win32-x86_64\bin\VCRUNTIME140.dll
0x00007ff8c6690000 - 0x00007ff8c692a000 	C:\WINDOWS\WinSxS\amd64_microsoft.windows.common-controls_6595b64144ccf1df_6.0.19041.4355_none_60b8b9eb71f62e16\COMCTL32.dll
0x00007ff8dd540000 - 0x00007ff8dd5de000 	C:\WINDOWS\System32\msvcrt.dll
0x00007ff8dde40000 - 0x00007ff8dde6f000 	C:\WINDOWS\System32\IMM32.DLL
0x00007ff8d2c90000 - 0x00007ff8d2c9c000 	c:\Users\LENOVO\.cursor\extensions\redhat.java-1.38.0-win32-x64\jre\17.0.13-win32-x86_64\bin\vcruntime140_1.dll
0x00007ff8af110000 - 0x00007ff8af19d000 	c:\Users\LENOVO\.cursor\extensions\redhat.java-1.38.0-win32-x64\jre\17.0.13-win32-x86_64\bin\msvcp140.dll
0x00007ff881e90000 - 0x00007ff882afb000 	c:\Users\LENOVO\.cursor\extensions\redhat.java-1.38.0-win32-x64\jre\17.0.13-win32-x86_64\bin\server\jvm.dll
0x00007ff8de930000 - 0x00007ff8de9e1000 	C:\WINDOWS\System32\ADVAPI32.dll
0x00007ff8de170000 - 0x00007ff8de20f000 	C:\WINDOWS\System32\sechost.dll
0x00007ff8de210000 - 0x00007ff8de333000 	C:\WINDOWS\System32\RPCRT4.dll
0x00007ff8dc680000 - 0x00007ff8dc6a7000 	C:\WINDOWS\System32\bcrypt.dll
0x00007ff8de3a0000 - 0x00007ff8de40b000 	C:\WINDOWS\System32\WS2_32.dll
0x00007ff8dbf20000 - 0x00007ff8dbf6b000 	C:\WINDOWS\SYSTEM32\POWRPROF.dll
0x00007ff8c53a0000 - 0x00007ff8c53c7000 	C:\WINDOWS\SYSTEM32\WINMM.dll
0x00007ff8d3630000 - 0x00007ff8d363a000 	C:\WINDOWS\SYSTEM32\VERSION.dll
0x00007ff8dbf00000 - 0x00007ff8dbf12000 	C:\WINDOWS\SYSTEM32\UMPDC.dll
0x00007ff8d9f40000 - 0x00007ff8d9f52000 	C:\WINDOWS\SYSTEM32\kernel.appcore.dll
0x00007ff8d29a0000 - 0x00007ff8d29aa000 	c:\Users\LENOVO\.cursor\extensions\redhat.java-1.38.0-win32-x64\jre\17.0.13-win32-x86_64\bin\jimage.dll
0x00007ff8d5ce0000 - 0x00007ff8d5ec4000 	C:\WINDOWS\SYSTEM32\DBGHELP.DLL
0x00007ff8d4440000 - 0x00007ff8d4474000 	C:\WINDOWS\SYSTEM32\dbgcore.DLL
0x00007ff8dc930000 - 0x00007ff8dc9b2000 	C:\WINDOWS\System32\bcryptPrimitives.dll
0x00007ff8c4430000 - 0x00007ff8c443e000 	c:\Users\LENOVO\.cursor\extensions\redhat.java-1.38.0-win32-x64\jre\17.0.13-win32-x86_64\bin\instrument.dll
0x00007ff8b3220000 - 0x00007ff8b3245000 	c:\Users\LENOVO\.cursor\extensions\redhat.java-1.38.0-win32-x64\jre\17.0.13-win32-x86_64\bin\java.dll
0x00007ff8bd2f0000 - 0x00007ff8bd308000 	c:\Users\LENOVO\.cursor\extensions\redhat.java-1.38.0-win32-x64\jre\17.0.13-win32-x86_64\bin\zip.dll
0x00007ff8dcc40000 - 0x00007ff8dd3ae000 	C:\WINDOWS\System32\SHELL32.dll
0x00007ff8da140000 - 0x00007ff8da8e4000 	C:\WINDOWS\SYSTEM32\windows.storage.dll
0x00007ff8de410000 - 0x00007ff8de765000 	C:\WINDOWS\System32\combase.dll
0x00007ff8dba20000 - 0x00007ff8dba4f000 	C:\WINDOWS\SYSTEM32\Wldp.dll
0x00007ff8dd470000 - 0x00007ff8dd53d000 	C:\WINDOWS\System32\OLEAUT32.dll
0x00007ff8dd3b0000 - 0x00007ff8dd45d000 	C:\WINDOWS\System32\SHCORE.dll
0x00007ff8de080000 - 0x00007ff8de0d5000 	C:\WINDOWS\System32\shlwapi.dll
0x00007ff8dbff0000 - 0x00007ff8dc014000 	C:\WINDOWS\SYSTEM32\profapi.dll
0x00007ff8b9a90000 - 0x00007ff8b9aa9000 	C:\Users\LENOVO\.cursor\extensions\redhat.java-1.38.0-win32-x64\jre\17.0.13-win32-x86_64\bin\net.dll
0x00007ff8d4010000 - 0x00007ff8d411d000 	C:\WINDOWS\SYSTEM32\WINHTTP.dll
0x00007ff8db780000 - 0x00007ff8db7ea000 	C:\WINDOWS\system32\mswsock.dll
0x00007ff8b8c30000 - 0x00007ff8b8c46000 	C:\Users\LENOVO\.cursor\extensions\redhat.java-1.38.0-win32-x64\jre\17.0.13-win32-x86_64\bin\nio.dll
0x00007ff8d28d0000 - 0x00007ff8d28e0000 	c:\Users\LENOVO\.cursor\extensions\redhat.java-1.38.0-win32-x64\jre\17.0.13-win32-x86_64\bin\verify.dll
0x00007ff8ab9d0000 - 0x00007ff8aba15000 	C:\Users\LENOVO\AppData\Roaming\Cursor\User\globalStorage\redhat.java\1.38.0\config_win\org.eclipse.equinox.launcher\org.eclipse.equinox.launcher.win32.win32.x86_64_1.2.1100.v20240722-2106\eclipse_11904.dll
0x00007ff8dcaa0000 - 0x00007ff8dcbcb000 	C:\WINDOWS\System32\ole32.dll
0x00007ff8d28c0000 - 0x00007ff8d28ca000 	C:\Users\LENOVO\.cursor\extensions\redhat.java-1.38.0-win32-x64\jre\17.0.13-win32-x86_64\bin\management.dll
0x00007ff8d74c0000 - 0x00007ff8d74cb000 	C:\Users\LENOVO\.cursor\extensions\redhat.java-1.38.0-win32-x64\jre\17.0.13-win32-x86_64\bin\management_ext.dll
0x00007ff8ddef0000 - 0x00007ff8ddef8000 	C:\WINDOWS\System32\PSAPI.DLL
0x00007ff8db970000 - 0x00007ff8db988000 	C:\WINDOWS\SYSTEM32\CRYPTSP.dll
0x00007ff8db0a0000 - 0x00007ff8db0d4000 	C:\WINDOWS\system32\rsaenh.dll
0x00007ff8dbf70000 - 0x00007ff8dbf9e000 	C:\WINDOWS\SYSTEM32\USERENV.dll
0x00007ff8db990000 - 0x00007ff8db99c000 	C:\WINDOWS\SYSTEM32\CRYPTBASE.dll
0x00007ff8db460000 - 0x00007ff8db49b000 	C:\WINDOWS\SYSTEM32\IPHLPAPI.DLL
0x00007ff8dcbd0000 - 0x00007ff8dcbd8000 	C:\WINDOWS\System32\NSI.dll
0x00007ff8d61b0000 - 0x00007ff8d61c7000 	C:\WINDOWS\SYSTEM32\dhcpcsvc6.DLL
0x00007ff8d6f70000 - 0x00007ff8d6f8d000 	C:\WINDOWS\SYSTEM32\dhcpcsvc.DLL
0x00007ff8db4a0000 - 0x00007ff8db56a000 	C:\WINDOWS\SYSTEM32\DNSAPI.dll
0x00007ff8a2ab0000 - 0x00007ff8a2af9000 	C:\Users\LENOVO\AppData\Local\Temp\jna--2053026509\jna17871409380729304044.dll
0x00007ff8c3e60000 - 0x00007ff8c3e6e000 	C:\Users\LENOVO\.cursor\extensions\redhat.java-1.38.0-win32-x64\jre\17.0.13-win32-x86_64\bin\sunmscapi.dll
0x00007ff8dc6b0000 - 0x00007ff8dc80c000 	C:\WINDOWS\System32\CRYPT32.dll
0x00007ff8dba90000 - 0x00007ff8dbab7000 	C:\WINDOWS\SYSTEM32\ncrypt.dll
0x00007ff8dba50000 - 0x00007ff8dba8b000 	C:\WINDOWS\SYSTEM32\NTASN1.dll
0x00007ff8cd580000 - 0x00007ff8cd58a000 	C:\Windows\System32\rasadhlp.dll
0x00007ff8cd710000 - 0x00007ff8cd790000 	C:\WINDOWS\System32\fwpuclnt.dll
0x00007ff8c0fc0000 - 0x00007ff8c0fc9000 	C:\Users\LENOVO\.cursor\extensions\redhat.java-1.38.0-win32-x64\jre\17.0.13-win32-x86_64\bin\extnet.dll

dbghelp: loaded successfully - version: 4.0.5 - missing functions: none
symbol engine: initialized successfully - sym options: 0x614 - pdb path: .;c:\Users\LENOVO\.cursor\extensions\redhat.java-1.38.0-win32-x64\jre\17.0.13-win32-x86_64\bin;C:\WINDOWS\SYSTEM32;C:\WINDOWS\WinSxS\amd64_microsoft.windows.common-controls_6595b64144ccf1df_6.0.19041.4355_none_60b8b9eb71f62e16;c:\Users\LENOVO\.cursor\extensions\redhat.java-1.38.0-win32-x64\jre\17.0.13-win32-x86_64\bin\server;C:\Users\LENOVO\AppData\Roaming\Cursor\User\globalStorage\redhat.java\1.38.0\config_win\org.eclipse.equinox.launcher\org.eclipse.equinox.launcher.win32.win32.x86_64_1.2.1100.v20240722-2106;C:\Users\LENOVO\AppData\Local\Temp\jna--2053026509

VM Arguments:
jvm_args: --add-modules=ALL-SYSTEM --add-opens=java.base/java.util=ALL-UNNAMED --add-opens=java.base/java.lang=ALL-UNNAMED --add-opens=java.base/sun.nio.fs=ALL-UNNAMED -Declipse.application=org.eclipse.jdt.ls.core.id1 -Dosgi.bundles.defaultStartLevel=4 -Declipse.product=org.eclipse.jdt.ls.core.product -Djava.import.generatesMetadataFilesAtProjectRoot=false -DDetectVMInstallationsJob.disabled=true -Dfile.encoding=utf8 -XX:+UseParallelGC -XX:GCTimeRatio=4 -XX:AdaptiveSizePolicyWeight=90 -Dsun.zip.disableMemoryMapping=true -Xmx1G -Xms100m -Xlog:disable -javaagent:c:\Users\LENOVO\.cursor\extensions\redhat.java-1.38.0-win32-x64\lombok\lombok-1.18.34.jar -XX:+HeapDumpOnOutOfMemoryError -XX:HeapDumpPath=c:\Users\LENOVO\AppData\Roaming\Cursor\User\workspaceStorage\d45c8337a3746b4e996b97b3ebb86212\redhat.java -Daether.dependencyCollector.impl=bf 
java_command: c:\Users\LENOVO\.cursor\extensions\redhat.java-1.38.0-win32-x64\server\plugins\org.eclipse.equinox.launcher_1.6.900.v20240613-2009.jar -configuration c:\Users\LENOVO\AppData\Roaming\Cursor\User\globalStorage\redhat.java\1.38.0\config_win -data c:\Users\LENOVO\AppData\Roaming\Cursor\User\workspaceStorage\d45c8337a3746b4e996b97b3ebb86212\redhat.java\jdt_ws --pipe=\\.\pipe\lsp-44349529eb05e5844f5e19e212a41d03-sock
java_class_path (initial): c:\Users\LENOVO\.cursor\extensions\redhat.java-1.38.0-win32-x64\server\plugins\org.eclipse.equinox.launcher_1.6.900.v20240613-2009.jar
Launcher Type: SUN_STANDARD

[Global flags]
    uintx AdaptiveSizePolicyWeight                 = 90                                        {product} {command line}
     intx CICompilerCount                          = 3                                         {product} {ergonomic}
    uintx GCTimeRatio                              = 4                                         {product} {command line}
     bool HeapDumpOnOutOfMemoryError               = true                                   {manageable} {command line}
    ccstr HeapDumpPath                             = c:\Users\LENOVO\AppData\Roaming\Cursor\User\workspaceStorage\d45c8337a3746b4e996b97b3ebb86212\redhat.java         {manageable} {command line}
   size_t InitialHeapSize                          = 104857600                                 {product} {command line}
   size_t MaxHeapSize                              = 1073741824                                {product} {command line}
   size_t MaxNewSize                               = 357564416                                 {product} {ergonomic}
   size_t MinHeapDeltaBytes                        = 524288                                    {product} {ergonomic}
   size_t MinHeapSize                              = 104857600                                 {product} {command line}
   size_t NewSize                                  = 34603008                                  {product} {ergonomic}
    uintx NonNMethodCodeHeapSize                   = 5832780                                {pd product} {ergonomic}
    uintx NonProfiledCodeHeapSize                  = 122912730                              {pd product} {ergonomic}
   size_t OldSize                                  = 70254592                                  {product} {ergonomic}
    uintx ProfiledCodeHeapSize                     = 122912730                              {pd product} {ergonomic}
    uintx ReservedCodeCacheSize                    = 251658240                              {pd product} {ergonomic}
     bool SegmentedCodeCache                       = true                                      {product} {ergonomic}
   size_t SoftMaxHeapSize                          = 1073741824                             {manageable} {ergonomic}
     bool UseCompressedClassPointers               = true                           {product lp64_product} {ergonomic}
     bool UseCompressedOops                        = true                           {product lp64_product} {ergonomic}
     bool UseLargePagesIndividualAllocation        = false                                  {pd product} {ergonomic}
     bool UseParallelGC                            = true                                      {product} {command line}

Logging:
Log output configuration:
 #0: stdout all=off uptime,level,tags
 #1: stderr all=off uptime,level,tags

Environment Variables:
JAVA_HOME=C:\Program Files\Java\jdk-22\bin
PATH=c:\Users\LENOVO\AppData\Local\Programs\cursor\resources\app\bin;C:\Program Files\Common Files\Oracle\Java\javapath;C:\WINDOWS\system32;C:\WINDOWS;C:\WINDOWS\System32\Wbem;C:\WINDOWS\System32\WindowsPowerShell\v1.0\;C:\WINDOWS\System32\OpenSSH\;C:\Program Files\Java\jdk-22\bin;C:\Program Files\Git\cmd;C:\Program Files\dotnet\;C:\Users\LENOVO\AppData\Local\Microsoft\WindowsApps;C:\Program Files\Java\jdk-22\bin;C:\Users\LENOVO\AppData\Local\GitHubDesktop\bin;c:\Users\LENOVO\AppData\Local\Programs\cursor\resources\app\bin;c:\Users\LENOVO\AppData\Local\Programs\cursor\resources\app\bin;C:\Users\LENOVO\AppData\Local\Microsoft\WindowsApps;C:\Users\LENOVO\AppData\Local\Programs\Microsoft VS Code\bin;C:\Program Files\Java\jdk-22\bin;C:\Users\LENOVO\AppData\Local\GitHubDesktop\bin
USERNAME=LENOVO
OS=Windows_NT
PROCESSOR_IDENTIFIER=Intel64 Family 6 Model 142 Stepping 12, GenuineIntel
TMP=C:\Users\LENOVO\AppData\Local\Temp
TEMP=C:\Users\LENOVO\AppData\Local\Temp



Periodic native trim disabled


---------------  S Y S T E M  ---------------

OS:
 Windows 10 , 64 bit Build 19041 (10.0.19041.5198)
OS uptime: 11 days 10:11 hours

CPU: total 4 (initial active 4) (2 cores per cpu, 2 threads per core) family 6 model 142 stepping 12 microcode 0xde, cx8, cmov, fxsr, ht, mmx, 3dnowpref, sse, sse2, sse3, ssse3, sse4.1, sse4.2, popcnt, lzcnt, tsc, tscinvbit, avx, avx2, aes, erms, clmul, bmi1, bmi2, adx, fma, vzeroupper, clflush, clflushopt
Processor Information for all 4 processors :
  Max Mhz: 2592, Current Mhz: 2093, Mhz Limit: 2073

Memory: 4k page, system-wide physical 3930M (214M free)
TotalPageFile size 13731M (AvailPageFile size 0M)
current process WorkingSet (physical memory assigned to process): 73M, peak: 546M
current process commit charge ("private bytes"): 591M, peak: 674M

vm_info: OpenJDK 64-Bit Server VM (17.0.13+11) for windows-amd64 JRE (17.0.13+11), built on Oct 16 2024 00:10:08 by "admin" with MS VC++ 17.7 (VS2022)

END.
